Wed, 09 Aug 2017 02:55:01 [INFO]: ***** Executing identifyRole *****
Wed, 09 Aug 2017 02:55:04 [INFO]: ***** Executing log *****
Wed, 09 Aug 2017 02:55:04 [INFO]: ***** Executing generateRVM *****
Wed, 09 Aug 2017 02:55:04 [INFO]: ***** Executing receivefromKombu *****
Wed, 09 Aug 2017 02:55:05 [INFO]: ***** Executing log *****
Wed, 09 Aug 2017 02:55:05 [INFO]: ***** Executing matlabProcess *****
Wed, 09 Aug 2017 02:55:05 [INFO]: Starting MATLAB. . .
Wed, 09 Aug 2017 02:55:12 [INFO]: ***** Executing log *****
Wed, 09 Aug 2017 02:58:42 [INFO]: ***** Executing sendtoKombu *****
Wed, 09 Aug 2017 02:58:43 [INFO]: ***** Executing sendtoKombu *****
Wed, 09 Aug 2017 02:58:44 [INFO]: ***** Executing sendtoKombu *****
Wed, 09 Aug 2017 02:58:45 [INFO]: ***** Executing sendtoKombu *****
Wed, 09 Aug 2017 02:58:46 [INFO]: ***** Executing sendtoKombu *****
Wed, 09 Aug 2017 02:58:47 [INFO]: ***** Executing sendtoKombu *****
Wed, 09 Aug 2017 02:58:47 [INFO]: ***** Executing sendtoKombu *****
Wed, 09 Aug 2017 02:58:48 [INFO]: ***** Executing sendtoKombu *****
Wed, 09 Aug 2017 02:58:49 [INFO]: ***** Executing sendtoKombu *****
Wed, 09 Aug 2017 02:58:50 [INFO]: ***** Executing sendtoKombu *****
Wed, 09 Aug 2017 02:58:51 [INFO]: ***** Executing sendtoKombu *****
Wed, 09 Aug 2017 02:58:52 [INFO]: ***** Executing sendtoKombu *****
Wed, 09 Aug 2017 02:58:52 [INFO]: ***** Executing sendtoKombu *****
Wed, 09 Aug 2017 02:58:53 [INFO]: ***** Executing sendtoKombu *****
Wed, 09 Aug 2017 02:58:54 [INFO]: ***** Executing sendtoKombu *****
Wed, 09 Aug 2017 02:58:55 [INFO]: ***** Executing sendtoKombu *****
Wed, 09 Aug 2017 02:58:56 [INFO]: ***** Executing sendtoKombu *****
Wed, 09 Aug 2017 02:58:56 [INFO]: ***** Executing sendtoKombu *****
Wed, 09 Aug 2017 02:58:57 [INFO]: ***** Executing sendtoKombu *****
Wed, 09 Aug 2017 02:58:58 [INFO]: ***** Executing sendtoKombu *****
Wed, 09 Aug 2017 02:58:59 [INFO]: ***** Executing sendtoKombu *****
Wed, 09 Aug 2017 02:59:00 [INFO]: ***** Executing sendtoKombu *****
Wed, 09 Aug 2017 02:59:01 [INFO]: ***** Executing sendtoKombu *****
Wed, 09 Aug 2017 02:59:01 [INFO]: ***** Executing sendtoKombu *****
Wed, 09 Aug 2017 02:59:02 [INFO]: ***** Executing sendtoKombu *****
Wed, 09 Aug 2017 02:59:03 [INFO]: ***** Executing sendtoKombu *****
Wed, 09 Aug 2017 02:59:04 [INFO]: ***** Executing sendtoKombu *****
Wed, 09 Aug 2017 02:59:05 [INFO]: ***** Executing sendtoKombu *****
Wed, 09 Aug 2017 02:59:06 [INFO]: ***** Executing sendtoKombu *****
Wed, 09 Aug 2017 02:59:06 [INFO]: ***** Executing sendtoKombu *****
Wed, 09 Aug 2017 02:59:07 [INFO]: ***** Executing sendtoKombu *****
Wed, 09 Aug 2017 02:59:08 [INFO]: ***** Executing sendtoKombu *****
Wed, 09 Aug 2017 02:59:09 [INFO]: ***** Executing sendtoKombu *****
Wed, 09 Aug 2017 02:59:10 [INFO]: ***** Executing sendtoKombu *****
Wed, 09 Aug 2017 02:59:11 [INFO]: ***** Executing sendtoKombu *****
Wed, 09 Aug 2017 02:59:11 [INFO]: ***** Executing sendtoKombu *****
Wed, 09 Aug 2017 02:59:12 [INFO]: ***** Executing sendtoKombu *****
Wed, 09 Aug 2017 02:59:13 [INFO]: ***** Executing sendtoKombu *****
Wed, 09 Aug 2017 02:59:14 [INFO]: ***** Executing sendtoKombu *****
Wed, 09 Aug 2017 02:59:15 [INFO]: ***** Executing sendtoKombu *****
Wed, 09 Aug 2017 02:59:16 [INFO]: ***** Executing sendtoKombu *****
Wed, 09 Aug 2017 02:59:16 [INFO]: ***** Executing sendtoKombu *****
Wed, 09 Aug 2017 02:59:17 [INFO]: ***** Executing sendtoKombu *****
Wed, 09 Aug 2017 02:59:18 [INFO]: ***** Executing sendtoKombu *****
Wed, 09 Aug 2017 02:59:19 [INFO]: ***** Executing sendtoKombu *****
Wed, 09 Aug 2017 02:59:20 [INFO]: ***** Executing sendtoKombu *****
Wed, 09 Aug 2017 02:59:21 [INFO]: ***** Executing sendtoKombu *****
Wed, 09 Aug 2017 02:59:21 [INFO]: ***** Executing sendtoKombu *****
Wed, 09 Aug 2017 02:59:22 [INFO]: ***** Executing sendtoKombu *****
Wed, 09 Aug 2017 02:59:23 [INFO]: ***** Executing sendtoKombu *****
Wed, 09 Aug 2017 02:59:24 [INFO]: ***** Executing sendtoKombu *****
Wed, 09 Aug 2017 02:59:25 [INFO]: ***** Executing sendtoKombu *****
Wed, 09 Aug 2017 02:59:25 [INFO]: ***** Executing sendtoKombu *****
Wed, 09 Aug 2017 02:59:26 [INFO]: ***** Executing sendtoKombu *****
Wed, 09 Aug 2017 02:59:27 [INFO]: ***** Executing sendtoKombu *****
Wed, 09 Aug 2017 02:59:28 [INFO]: ***** Executing sendtoKombu *****
Wed, 09 Aug 2017 02:59:29 [INFO]: ***** Executing sendtoKombu *****
Wed, 09 Aug 2017 02:59:30 [INFO]: ***** Executing sendtoKombu *****
Wed, 09 Aug 2017 02:59:30 [INFO]: ***** Executing sendtoKombu *****
Wed, 09 Aug 2017 02:59:31 [INFO]: ***** Executing sendtoKombu *****
Wed, 09 Aug 2017 02:59:32 [INFO]: ***** Executing sendtoKombu *****
Wed, 09 Aug 2017 02:59:33 [INFO]: ***** Executing sendtoKombu *****
Wed, 09 Aug 2017 02:59:34 [INFO]: ***** Executing sendtoKombu *****
Wed, 09 Aug 2017 02:59:35 [INFO]: ***** Executing sendtoKombu *****
Wed, 09 Aug 2017 02:59:35 [INFO]: ***** Executing sendtoKombu *****
Wed, 09 Aug 2017 02:59:36 [INFO]: ***** Executing sendtoKombu *****
Wed, 09 Aug 2017 02:59:37 [INFO]: ***** Executing sendtoKombu *****
Wed, 09 Aug 2017 02:59:38 [INFO]: ***** Executing sendtoKombu *****
Wed, 09 Aug 2017 02:59:39 [INFO]: ***** Executing sendtoKombu *****
Wed, 09 Aug 2017 02:59:40 [INFO]: ***** Executing sendtoKombu *****
Wed, 09 Aug 2017 02:59:40 [INFO]: ***** Executing sendtoKombu *****
Wed, 09 Aug 2017 02:59:41 [INFO]: ***** Executing sendtoKombu *****
Wed, 09 Aug 2017 02:59:42 [INFO]: ***** Executing sendtoKombu *****
Wed, 09 Aug 2017 02:59:43 [INFO]: ***** Executing sendtoKombu *****
Wed, 09 Aug 2017 02:59:44 [INFO]: ***** Executing sendtoKombu *****
Wed, 09 Aug 2017 02:59:45 [INFO]: ***** Executing sendtoKombu *****
Wed, 09 Aug 2017 02:59:45 [INFO]: ***** Executing sendtoKombu *****
Wed, 09 Aug 2017 02:59:46 [INFO]: ***** Executing sendtoKombu *****
Wed, 09 Aug 2017 02:59:47 [INFO]: ***** Executing sendtoKombu *****
Wed, 09 Aug 2017 02:59:48 [INFO]: ***** Executing log *****
Wed, 09 Aug 2017 02:59:48 [INFO]: ***** Executing receivefromKombu *****
Wed, 09 Aug 2017 02:59:49 [INFO]: ***** Executing log *****
Wed, 09 Aug 2017 02:59:49 [INFO]: ***** Executing matlabProcess *****
Wed, 09 Aug 2017 02:59:49 [INFO]: Starting MATLAB. . .
Wed, 09 Aug 2017 02:59:58 [INFO]: ***** Executing log *****
Wed, 09 Aug 2017 03:03:40 [INFO]: ***** Executing sendtoKombu *****
Wed, 09 Aug 2017 03:03:41 [INFO]: ***** Executing sendtoKombu *****
Wed, 09 Aug 2017 03:03:41 [INFO]: ***** Executing sendtoKombu *****
Wed, 09 Aug 2017 03:03:42 [INFO]: ***** Executing sendtoKombu *****
Wed, 09 Aug 2017 03:03:43 [INFO]: ***** Executing sendtoKombu *****
Wed, 09 Aug 2017 03:03:44 [INFO]: ***** Executing sendtoKombu *****
Wed, 09 Aug 2017 03:03:45 [INFO]: ***** Executing sendtoKombu *****
Wed, 09 Aug 2017 03:03:46 [INFO]: ***** Executing sendtoKombu *****
Wed, 09 Aug 2017 03:03:46 [INFO]: ***** Executing sendtoKombu *****
Wed, 09 Aug 2017 03:03:47 [INFO]: ***** Executing sendtoKombu *****
Wed, 09 Aug 2017 03:03:48 [INFO]: ***** Executing sendtoKombu *****
Wed, 09 Aug 2017 03:03:49 [INFO]: ***** Executing sendtoKombu *****
Wed, 09 Aug 2017 03:03:50 [INFO]: ***** Executing sendtoKombu *****
Wed, 09 Aug 2017 03:03:51 [INFO]: ***** Executing sendtoKombu *****
Wed, 09 Aug 2017 03:03:51 [INFO]: ***** Executing sendtoKombu *****
Wed, 09 Aug 2017 03:03:52 [INFO]: ***** Executing sendtoKombu *****
Wed, 09 Aug 2017 03:03:53 [INFO]: ***** Executing sendtoKombu *****
Wed, 09 Aug 2017 03:03:54 [INFO]: ***** Executing sendtoKombu *****
Wed, 09 Aug 2017 03:03:55 [INFO]: ***** Executing sendtoKombu *****
Wed, 09 Aug 2017 03:03:55 [INFO]: ***** Executing sendtoKombu *****
Wed, 09 Aug 2017 03:03:56 [INFO]: ***** Executing sendtoKombu *****
Wed, 09 Aug 2017 03:03:57 [INFO]: ***** Executing sendtoKombu *****
Wed, 09 Aug 2017 03:03:58 [INFO]: ***** Executing sendtoKombu *****
Wed, 09 Aug 2017 03:03:59 [INFO]: ***** Executing sendtoKombu *****
Wed, 09 Aug 2017 03:04:00 [INFO]: ***** Executing sendtoKombu *****
Wed, 09 Aug 2017 03:04:01 [INFO]: ***** Executing sendtoKombu *****
Wed, 09 Aug 2017 03:04:01 [INFO]: ***** Executing sendtoKombu *****
Wed, 09 Aug 2017 03:04:02 [INFO]: ***** Executing sendtoKombu *****
Wed, 09 Aug 2017 03:04:03 [INFO]: ***** Executing sendtoKombu *****
Wed, 09 Aug 2017 03:04:04 [INFO]: ***** Executing sendtoKombu *****
Wed, 09 Aug 2017 03:04:05 [INFO]: ***** Executing sendtoKombu *****
Wed, 09 Aug 2017 03:04:06 [INFO]: ***** Executing sendtoKombu *****
Wed, 09 Aug 2017 03:04:06 [INFO]: ***** Executing sendtoKombu *****
Wed, 09 Aug 2017 03:04:07 [INFO]: ***** Executing sendtoKombu *****
Wed, 09 Aug 2017 03:04:08 [INFO]: ***** Executing sendtoKombu *****
Wed, 09 Aug 2017 03:04:09 [INFO]: ***** Executing sendtoKombu *****
Wed, 09 Aug 2017 03:04:10 [INFO]: ***** Executing sendtoKombu *****
Wed, 09 Aug 2017 03:04:11 [INFO]: ***** Executing sendtoKombu *****
Wed, 09 Aug 2017 03:04:11 [INFO]: ***** Executing sendtoKombu *****
Wed, 09 Aug 2017 03:04:12 [INFO]: ***** Executing sendtoKombu *****
Wed, 09 Aug 2017 03:04:13 [INFO]: ***** Executing sendtoKombu *****
Wed, 09 Aug 2017 03:04:14 [INFO]: ***** Executing sendtoKombu *****
Wed, 09 Aug 2017 03:04:15 [INFO]: ***** Executing sendtoKombu *****
Wed, 09 Aug 2017 03:04:16 [INFO]: ***** Executing sendtoKombu *****
Wed, 09 Aug 2017 03:04:16 [INFO]: ***** Executing sendtoKombu *****
Wed, 09 Aug 2017 03:04:17 [INFO]: ***** Executing sendtoKombu *****
Wed, 09 Aug 2017 03:04:18 [INFO]: ***** Executing sendtoKombu *****
Wed, 09 Aug 2017 03:04:19 [INFO]: ***** Executing sendtoKombu *****
Wed, 09 Aug 2017 03:04:20 [INFO]: ***** Executing sendtoKombu *****
Wed, 09 Aug 2017 03:04:21 [INFO]: ***** Executing sendtoKombu *****
Wed, 09 Aug 2017 03:04:22 [INFO]: ***** Executing sendtoKombu *****
Wed, 09 Aug 2017 03:04:22 [INFO]: ***** Executing sendtoKombu *****
Wed, 09 Aug 2017 03:04:23 [INFO]: ***** Executing sendtoKombu *****
Wed, 09 Aug 2017 03:04:24 [INFO]: ***** Executing sendtoKombu *****
Wed, 09 Aug 2017 03:04:25 [INFO]: ***** Executing sendtoKombu *****
Wed, 09 Aug 2017 03:04:26 [INFO]: ***** Executing sendtoKombu *****
Wed, 09 Aug 2017 03:04:27 [INFO]: ***** Executing sendtoKombu *****
Wed, 09 Aug 2017 03:04:27 [INFO]: ***** Executing sendtoKombu *****
Wed, 09 Aug 2017 03:04:28 [INFO]: ***** Executing sendtoKombu *****
Wed, 09 Aug 2017 03:04:29 [INFO]: ***** Executing sendtoKombu *****
Wed, 09 Aug 2017 03:04:30 [INFO]: ***** Executing sendtoKombu *****
Wed, 09 Aug 2017 03:04:31 [INFO]: ***** Executing sendtoKombu *****
Wed, 09 Aug 2017 03:04:32 [INFO]: ***** Executing sendtoKombu *****
Wed, 09 Aug 2017 03:04:32 [INFO]: ***** Executing sendtoKombu *****
Wed, 09 Aug 2017 03:04:33 [INFO]: ***** Executing sendtoKombu *****
Wed, 09 Aug 2017 03:04:34 [INFO]: ***** Executing sendtoKombu *****
Wed, 09 Aug 2017 03:04:35 [INFO]: ***** Executing sendtoKombu *****
Wed, 09 Aug 2017 03:04:36 [INFO]: ***** Executing sendtoKombu *****
Wed, 09 Aug 2017 03:04:37 [INFO]: ***** Executing sendtoKombu *****
Wed, 09 Aug 2017 03:04:37 [INFO]: ***** Executing sendtoKombu *****
Wed, 09 Aug 2017 03:04:38 [INFO]: ***** Executing sendtoKombu *****
Wed, 09 Aug 2017 03:04:39 [INFO]: ***** Executing sendtoKombu *****
Wed, 09 Aug 2017 03:04:40 [INFO]: ***** Executing sendtoKombu *****
Wed, 09 Aug 2017 03:04:41 [INFO]: ***** Executing sendtoKombu *****
Wed, 09 Aug 2017 03:04:42 [INFO]: ***** Executing sendtoKombu *****
Wed, 09 Aug 2017 03:04:42 [INFO]: ***** Executing sendtoKombu *****
Wed, 09 Aug 2017 03:04:43 [INFO]: ***** Executing sendtoKombu *****
Wed, 09 Aug 2017 03:04:44 [INFO]: ***** Executing sendtoKombu *****
Wed, 09 Aug 2017 03:04:45 [INFO]: ***** Executing sendtoKombu *****
Wed, 09 Aug 2017 03:04:46 [INFO]: ***** Executing log *****
Wed, 09 Aug 2017 03:04:46 [INFO]: ***** Executing receivefromKombu *****
Wed, 09 Aug 2017 04:59:11 [INFO]: ***** Executing identifyRole *****
Wed, 09 Aug 2017 04:59:13 [INFO]: ***** Executing log *****
Wed, 09 Aug 2017 04:59:13 [INFO]: ***** Executing preprocess *****
Wed, 09 Aug 2017 04:59:13 [INFO]: ***** Executing receivefromKombu *****
Wed, 09 Aug 2017 04:59:15 [INFO]: ***** Executing log *****
Wed, 09 Aug 2017 04:59:15 [INFO]: ***** Executing rebuildScanInfo *****
Wed, 09 Aug 2017 04:59:38 [INFO]: ***** Executing matlabProcess *****
Wed, 09 Aug 2017 04:59:38 [INFO]: Starting MATLAB. . .
Wed, 09 Aug 2017 04:59:44 [INFO]: ***** Executing log *****
Wed, 09 Aug 2017 05:00:05 [INFO]: ***** Executing log *****
Wed, 09 Aug 2017 05:00:31 [INFO]: ***** Executing log *****
Wed, 09 Aug 2017 05:00:59 [INFO]: ***** Executing log *****
Wed, 09 Aug 2017 05:01:24 [INFO]: ***** Executing matlabProcess *****
Wed, 09 Aug 2017 05:01:24 [INFO]: Starting MATLAB. . .
Wed, 09 Aug 2017 05:03:38 [INFO]: ***** Executing log *****
Wed, 09 Aug 2017 05:06:09 [INFO]: ***** Executing launchMatlabTasks *****
Wed, 09 Aug 2017 05:06:09 [INFO]: ***** Executing matlabProcess *****
Wed, 09 Aug 2017 05:06:09 [INFO]: Starting MATLAB. . .
Wed, 09 Aug 2017 05:06:27 [INFO]: ***** Executing launchMatlabTasks *****
Wed, 09 Aug 2017 05:06:27 [INFO]: ***** Executing matlabProcess *****
Wed, 09 Aug 2017 05:06:27 [INFO]: Starting MATLAB. . .
Wed, 09 Aug 2017 05:06:42 [INFO]: ***** Executing launchMatlabTasks *****
Wed, 09 Aug 2017 05:06:42 [INFO]: ***** Executing matlabProcess *****
Wed, 09 Aug 2017 05:06:42 [INFO]: Starting MATLAB. . .
Wed, 09 Aug 2017 05:06:58 [INFO]: ***** Executing launchMatlabTasks *****
Wed, 09 Aug 2017 05:06:58 [INFO]: ***** Executing matlabProcess *****
Wed, 09 Aug 2017 05:06:58 [INFO]: Starting MATLAB. . .
Wed, 09 Aug 2017 09:24:18 [INFO]: ***** Executing log *****
Wed, 09 Aug 2017 09:25:00 [INFO]: ***** Executing log *****
Wed, 09 Aug 2017 09:25:45 [INFO]: ***** Executing sendtoKombu *****
Wed, 09 Aug 2017 09:25:46 [INFO]: ***** Executing sendtoKombu *****
Wed, 09 Aug 2017 09:25:46 [INFO]: ***** Executing sendtoKombu *****
Wed, 09 Aug 2017 09:25:47 [INFO]: ***** Executing sendtoKombu *****
Wed, 09 Aug 2017 09:25:48 [INFO]: ***** Executing sendtoKombu *****
Wed, 09 Aug 2017 09:25:49 [INFO]: ***** Executing sendtoKombu *****
Wed, 09 Aug 2017 09:25:50 [INFO]: ***** Executing sendtoKombu *****
Wed, 09 Aug 2017 09:25:51 [INFO]: ***** Executing sendtoKombu *****
Wed, 09 Aug 2017 09:25:51 [INFO]: ***** Executing receivefromKombu *****
Wed, 09 Aug 2017 09:25:52 [INFO]: ***** Executing log *****
Wed, 09 Aug 2017 09:25:53 [INFO]: ***** Executing rebuildScanInfo *****
Wed, 09 Aug 2017 09:25:54 [INFO]: ***** Executing log *****
Wed, 09 Aug 2017 09:26:40 [INFO]: ***** Executing handleFailedTask *****
Wed, 09 Aug 2017 09:26:40 [INFO]: ***** Executing log *****
Wed, 09 Aug 2017 09:26:40 [INFO]: ***** Executing sendtoKombu *****
Wed, 09 Aug 2017 09:26:41 [INFO]: ***** Executing receivefromKombu *****
Wed, 09 Aug 2017 09:26:42 [INFO]: ***** Executing log *****
Wed, 09 Aug 2017 09:26:42 [INFO]: ***** Executing rebuildScanInfo *****
Wed, 09 Aug 2017 09:27:05 [INFO]: ***** Executing matlabProcess *****
Wed, 09 Aug 2017 09:27:05 [INFO]: Starting MATLAB. . .
Wed, 09 Aug 2017 09:27:12 [INFO]: ***** Executing log *****
Wed, 09 Aug 2017 09:27:29 [INFO]: ***** Executing log *****
Wed, 09 Aug 2017 09:27:58 [INFO]: ***** Executing log *****
Wed, 09 Aug 2017 09:28:20 [INFO]: ***** Executing log *****
Wed, 09 Aug 2017 09:28:42 [INFO]: ***** Executing matlabProcess *****
Wed, 09 Aug 2017 09:28:42 [INFO]: Starting MATLAB. . .
Wed, 09 Aug 2017 09:29:38 [INFO]: ***** Executing identifyRole *****
Wed, 09 Aug 2017 09:29:41 [INFO]: ***** Executing log *****
Wed, 09 Aug 2017 09:29:41 [INFO]: ***** Executing preprocess *****
Wed, 09 Aug 2017 09:29:41 [INFO]: ***** Executing receivefromKombu *****
Wed, 09 Aug 2017 09:29:43 [INFO]: ***** Executing log *****
Wed, 09 Aug 2017 09:29:43 [INFO]: ***** Executing rebuildScanInfo *****
Wed, 09 Aug 2017 09:31:29 [INFO]: ***** Executing matlabProcess *****
Wed, 09 Aug 2017 09:31:29 [INFO]: Starting MATLAB. . .
Wed, 09 Aug 2017 09:31:34 [INFO]: ***** Executing log *****
Wed, 09 Aug 2017 09:31:50 [INFO]: ***** Executing log *****
Wed, 09 Aug 2017 09:32:21 [INFO]: ***** Executing log *****
Wed, 09 Aug 2017 09:32:43 [INFO]: ***** Executing log *****
Wed, 09 Aug 2017 09:33:08 [INFO]: ***** Executing matlabProcess *****
Wed, 09 Aug 2017 09:33:08 [INFO]: Starting MATLAB. . .
Wed, 09 Aug 2017 09:34:56 [INFO]: ***** Executing log *****
Wed, 09 Aug 2017 09:35:00 [INFO]: ***** Executing launchMatlabTasks *****
Wed, 09 Aug 2017 09:35:00 [INFO]: ***** Executing matlabProcess *****
Wed, 09 Aug 2017 09:35:00 [INFO]: Starting MATLAB. . .
Wed, 09 Aug 2017 09:35:14 [INFO]: ***** Executing launchMatlabTasks *****
Wed, 09 Aug 2017 09:35:14 [INFO]: ***** Executing matlabProcess *****
Wed, 09 Aug 2017 09:35:14 [INFO]: Starting MATLAB. . .
Wed, 09 Aug 2017 09:35:29 [INFO]: ***** Executing launchMatlabTasks *****
Wed, 09 Aug 2017 09:35:29 [INFO]: ***** Executing matlabProcess *****
Wed, 09 Aug 2017 09:35:29 [INFO]: Starting MATLAB. . .
Wed, 09 Aug 2017 09:35:45 [INFO]: ***** Executing launchMatlabTasks *****
Wed, 09 Aug 2017 09:35:45 [INFO]: ***** Executing matlabProcess *****
Wed, 09 Aug 2017 09:35:45 [INFO]: Starting MATLAB. . .
Wed, 09 Aug 2017 09:51:23 [INFO]: ***** Executing log *****
Wed, 09 Aug 2017 09:51:25 [INFO]: ***** Executing log *****
Wed, 09 Aug 2017 09:51:38 [INFO]: ***** Executing sendtoKombu *****
Wed, 09 Aug 2017 09:52:00 [INFO]: ***** Executing sendtoKombu *****
Wed, 09 Aug 2017 09:52:03 [INFO]: ***** Executing sendtoKombu *****
Wed, 09 Aug 2017 09:52:05 [INFO]: ***** Executing sendtoKombu *****
Wed, 09 Aug 2017 09:52:06 [INFO]: ***** Executing sendtoKombu *****
Wed, 09 Aug 2017 09:52:09 [INFO]: ***** Executing sendtoKombu *****
Wed, 09 Aug 2017 09:52:10 [INFO]: ***** Executing sendtoKombu *****
Wed, 09 Aug 2017 09:52:12 [INFO]: ***** Executing sendtoKombu *****
Wed, 09 Aug 2017 09:52:14 [INFO]: ***** Executing receivefromKombu *****
Wed, 09 Aug 2017 09:52:15 [INFO]: ***** Executing log *****
Wed, 09 Aug 2017 09:52:15 [INFO]: ***** Executing rebuildScanInfo *****
Wed, 09 Aug 2017 09:52:32 [INFO]: ***** Executing log *****
Wed, 09 Aug 2017 09:52:39 [INFO]: ***** Executing handleFailedTask *****
Wed, 09 Aug 2017 09:52:39 [INFO]: ***** Executing log *****
Wed, 09 Aug 2017 09:52:39 [INFO]: ***** Executing sendtoKombu *****
Wed, 09 Aug 2017 09:52:45 [INFO]: ***** Executing receivefromKombu *****
Wed, 09 Aug 2017 09:52:50 [INFO]: ***** Executing log *****
Wed, 09 Aug 2017 09:52:52 [INFO]: ***** Executing rebuildScanInfo *****
Wed, 09 Aug 2017 09:53:43 [INFO]: ***** Executing matlabProcess *****
Wed, 09 Aug 2017 09:53:43 [INFO]: Starting MATLAB. . .
Wed, 09 Aug 2017 09:53:49 [INFO]: ***** Executing log *****
Wed, 09 Aug 2017 09:54:08 [INFO]: ***** Executing log *****
Wed, 09 Aug 2017 09:54:34 [INFO]: ***** Executing log *****
Wed, 09 Aug 2017 09:54:55 [INFO]: ***** Executing log *****
Wed, 09 Aug 2017 09:55:23 [INFO]: ***** Executing matlabProcess *****
Wed, 09 Aug 2017 09:55:23 [INFO]: Starting MATLAB. . .
Wed, 09 Aug 2017 09:56:57 [INFO]: ***** Executing log *****
Wed, 09 Aug 2017 09:57:00 [INFO]: ***** Executing launchMatlabTasks *****
Wed, 09 Aug 2017 09:57:00 [INFO]: ***** Executing matlabProcess *****
Wed, 09 Aug 2017 09:57:00 [INFO]: Starting MATLAB. . .
Wed, 09 Aug 2017 09:57:16 [INFO]: ***** Executing launchMatlabTasks *****
Wed, 09 Aug 2017 09:57:16 [INFO]: ***** Executing matlabProcess *****
Wed, 09 Aug 2017 09:57:16 [INFO]: Starting MATLAB. . .
Wed, 09 Aug 2017 09:57:31 [INFO]: ***** Executing launchMatlabTasks *****
Wed, 09 Aug 2017 09:57:31 [INFO]: ***** Executing matlabProcess *****
Wed, 09 Aug 2017 09:57:31 [INFO]: Starting MATLAB. . .
Wed, 09 Aug 2017 09:57:46 [INFO]: ***** Executing launchMatlabTasks *****
Wed, 09 Aug 2017 09:57:46 [INFO]: ***** Executing matlabProcess *****
Wed, 09 Aug 2017 09:57:46 [INFO]: Starting MATLAB. . .
Wed, 09 Aug 2017 10:27:27 [INFO]: ***** Executing identifyRole *****
Wed, 09 Aug 2017 10:27:29 [INFO]: ***** Executing log *****
Wed, 09 Aug 2017 10:27:29 [INFO]: ***** Executing preprocess *****
Wed, 09 Aug 2017 10:27:29 [INFO]: ***** Executing receivefromKombu *****
Wed, 09 Aug 2017 10:27:31 [INFO]: ***** Executing log *****
Wed, 09 Aug 2017 10:27:31 [INFO]: ***** Executing rebuildScanInfo *****
Wed, 09 Aug 2017 10:34:30 [INFO]: ***** Executing log *****
Wed, 09 Aug 2017 10:34:30 [INFO]: ***** Executing handleFailedTask *****
Wed, 09 Aug 2017 10:34:30 [INFO]: ***** Executing log *****
Wed, 09 Aug 2017 10:34:30 [INFO]: ***** Executing sendtoKombu *****
Wed, 09 Aug 2017 10:34:37 [INFO]: ***** Executing receivefromKombu *****
Wed, 09 Aug 2017 10:34:38 [INFO]: ***** Executing log *****
Wed, 09 Aug 2017 10:34:38 [INFO]: ***** Executing rebuildScanInfo *****
Wed, 09 Aug 2017 10:36:18 [INFO]: ***** Executing identifyRole *****
Wed, 09 Aug 2017 10:36:21 [INFO]: ***** Executing log *****
Wed, 09 Aug 2017 10:36:21 [INFO]: ***** Executing preprocess *****
Wed, 09 Aug 2017 10:36:21 [INFO]: ***** Executing receivefromKombu *****
Wed, 09 Aug 2017 10:36:22 [INFO]: ***** Executing log *****
Wed, 09 Aug 2017 10:36:22 [INFO]: ***** Executing rebuildScanInfo *****
Wed, 09 Aug 2017 11:31:46 [INFO]: ***** Executing matlabProcess *****
Wed, 09 Aug 2017 11:31:46 [INFO]: Starting MATLAB. . .
Wed, 09 Aug 2017 11:31:51 [INFO]: ***** Executing log *****
Wed, 09 Aug 2017 11:32:08 [INFO]: ***** Executing log *****
Wed, 09 Aug 2017 11:32:31 [INFO]: ***** Executing log *****
Wed, 09 Aug 2017 11:33:01 [INFO]: ***** Executing log *****
Wed, 09 Aug 2017 11:33:26 [INFO]: ***** Executing matlabProcess *****
Wed, 09 Aug 2017 11:33:26 [INFO]: Starting MATLAB. . .
Wed, 09 Aug 2017 11:35:17 [INFO]: ***** Executing log *****
Wed, 09 Aug 2017 11:35:21 [INFO]: ***** Executing launchMatlabTasks *****
Wed, 09 Aug 2017 11:35:21 [INFO]: ***** Executing matlabProcess *****
Wed, 09 Aug 2017 11:35:21 [INFO]: Starting MATLAB. . .
Wed, 09 Aug 2017 11:35:35 [INFO]: ***** Executing launchMatlabTasks *****
Wed, 09 Aug 2017 11:35:35 [INFO]: ***** Executing matlabProcess *****
Wed, 09 Aug 2017 11:35:35 [INFO]: Starting MATLAB. . .
Wed, 09 Aug 2017 11:35:50 [INFO]: ***** Executing launchMatlabTasks *****
Wed, 09 Aug 2017 11:35:50 [INFO]: ***** Executing matlabProcess *****
Wed, 09 Aug 2017 11:35:50 [INFO]: Starting MATLAB. . .
Wed, 09 Aug 2017 11:36:06 [INFO]: ***** Executing launchMatlabTasks *****
Wed, 09 Aug 2017 11:36:06 [INFO]: ***** Executing matlabProcess *****
Wed, 09 Aug 2017 11:36:06 [INFO]: Starting MATLAB. . .
Wed, 09 Aug 2017 11:48:06 [INFO]: ***** Executing log *****
Wed, 09 Aug 2017 11:48:06 [INFO]: ***** Executing log *****
Wed, 09 Aug 2017 11:48:06 [INFO]: ***** Executing sendtoKombu *****
Wed, 09 Aug 2017 11:48:07 [INFO]: ***** Executing sendtoKombu *****
Wed, 09 Aug 2017 11:48:08 [INFO]: ***** Executing sendtoKombu *****
Wed, 09 Aug 2017 11:48:09 [INFO]: ***** Executing sendtoKombu *****
Wed, 09 Aug 2017 11:48:09 [INFO]: ***** Executing sendtoKombu *****
Wed, 09 Aug 2017 11:48:10 [INFO]: ***** Executing sendtoKombu *****
Wed, 09 Aug 2017 11:48:11 [INFO]: ***** Executing sendtoKombu *****
Wed, 09 Aug 2017 11:48:12 [INFO]: ***** Executing receivefromKombu *****
Wed, 09 Aug 2017 11:48:13 [INFO]: ***** Executing log *****
Wed, 09 Aug 2017 11:48:13 [INFO]: ***** Executing rebuildScanInfo *****
Wed, 09 Aug 2017 11:58:11 [INFO]: ***** Executing matlabProcess *****
Wed, 09 Aug 2017 11:58:11 [INFO]: Starting MATLAB. . .
Wed, 09 Aug 2017 11:58:17 [INFO]: ***** Executing log *****
Wed, 09 Aug 2017 11:58:35 [INFO]: ***** Executing log *****
Wed, 09 Aug 2017 11:59:03 [INFO]: ***** Executing log *****
Wed, 09 Aug 2017 11:59:26 [INFO]: ***** Executing log *****
Wed, 09 Aug 2017 11:59:53 [INFO]: ***** Executing matlabProcess *****
Wed, 09 Aug 2017 11:59:53 [INFO]: Starting MATLAB. . .
Wed, 09 Aug 2017 12:01:45 [INFO]: ***** Executing log *****
Wed, 09 Aug 2017 12:01:48 [INFO]: ***** Executing launchMatlabTasks *****
Wed, 09 Aug 2017 12:01:48 [INFO]: ***** Executing matlabProcess *****
Wed, 09 Aug 2017 12:01:48 [INFO]: Starting MATLAB. . .
Wed, 09 Aug 2017 12:02:03 [INFO]: ***** Executing launchMatlabTasks *****
Wed, 09 Aug 2017 12:02:03 [INFO]: ***** Executing matlabProcess *****
Wed, 09 Aug 2017 12:02:03 [INFO]: Starting MATLAB. . .
Wed, 09 Aug 2017 12:02:19 [INFO]: ***** Executing launchMatlabTasks *****
Wed, 09 Aug 2017 12:02:19 [INFO]: ***** Executing matlabProcess *****
Wed, 09 Aug 2017 12:02:19 [INFO]: Starting MATLAB. . .
Wed, 09 Aug 2017 12:02:34 [INFO]: ***** Executing launchMatlabTasks *****
Wed, 09 Aug 2017 12:02:34 [INFO]: ***** Executing matlabProcess *****
Wed, 09 Aug 2017 12:02:34 [INFO]: Starting MATLAB. . .
